2024-01-22 22:28:34,582 Login Successful
2024-01-22 22:28:34,731 Trading EURUSD-T with FingerTrap
2024-01-22 22:28:34,731 Trading EURUSD-T with FractalRADI
2024-01-22 22:28:34,734 Trading EURUSD-T with ADIMACD
2024-01-22 22:28:34,737 Trading GBPUSD-T with FingerTrap
2024-01-22 22:28:34,739 Trading GBPUSD-T with FractalRADI
2024-01-22 22:28:34,740 Trading GBPUSD-T with ADIMACD
2024-01-22 22:28:34,743 Trading USDJPY-T with FingerTrap
2024-01-22 22:28:34,824 Trading USDJPY-T with FractalRADI
2024-01-22 22:28:34,951 Trading USDJPY-T with ADIMACD
2024-01-22 22:28:34,988 Trading AUDUSD-T with FingerTrap
2024-01-22 22:28:35,000 Trading AUDUSD-T with FractalRADI
2024-01-22 22:28:35,008 Trading AUDUSD-T with ADIMACD
2024-01-22 22:28:35,018 Trading NZDUSD-T with FingerTrap
2024-01-22 22:28:35,026 Trading NZDUSD-T with FractalRADI
2024-01-22 22:28:35,029 Trading NZDUSD-T with ADIMACD
2024-01-22 22:28:35,036 Trading USDCAD-T with FingerTrap
2024-01-22 22:28:35,039 Trading USDCAD-T with FractalRADI
2024-01-22 22:28:35,041 Trading USDCAD-T with ADIMACD
2024-01-22 22:28:35,044 Trading BTCUSD-T with FingerTrap
2024-01-22 22:28:35,056 Trading BTCUSD-T with FractalRADI
2024-01-22 22:28:35,428 Trading BTCUSD-T with ADIMACD
2024-01-22 22:28:35,498 Trading ETHUSD-T with FingerTrap
2024-01-22 22:28:35,615 Trading ETHUSD-T with FractalRADI
2024-01-22 22:28:35,778 Trading ETHUSD-T with ADIMACD
2024-01-22 22:28:35,875 Trading SOLUSD-T with FingerTrap
2024-01-22 22:28:35,897 Trading SOLUSD-T with FractalRADI
2024-01-22 22:28:35,911 Trading SOLUSD-T with ADIMACD
2024-01-22 22:32:00 Login Successful
2024-01-22 22:32:00 Trading EURUSD-T with FingerTrap
2024-01-22 22:32:00 Trading EURUSD-T with FractalRADI
2024-01-22 22:32:00 Trading EURUSD-T with ADIMACD
2024-01-22 22:32:00 Trading GBPUSD-T with FingerTrap
2024-01-22 22:32:00 Trading GBPUSD-T with FractalRADI
2024-01-22 22:32:00 Trading GBPUSD-T with ADIMACD
2024-01-22 22:32:00 Trading USDJPY-T with FingerTrap
2024-01-22 22:32:00 Trading USDJPY-T with FractalRADI
2024-01-22 22:32:00 Trading USDJPY-T with ADIMACD
2024-01-22 22:32:00 Trading AUDUSD-T with FingerTrap
2024-01-22 22:32:00 Trading AUDUSD-T with FractalRADI
2024-01-22 22:32:00 Trading AUDUSD-T with ADIMACD
2024-01-22 22:32:00 Trading NZDUSD-T with FingerTrap
2024-01-22 22:32:00 Trading NZDUSD-T with ADIMACD
2024-01-22 22:32:00 Trading NZDUSD-T with FractalRADI
2024-01-22 22:32:00 Trading USDCAD-T with FingerTrap
2024-01-22 22:32:00 Trading USDCAD-T with FractalRADI
2024-01-22 22:32:00 Trading USDCAD-T with ADIMACD
2024-01-22 22:32:00 Trading BTCUSD-T with FingerTrap
2024-01-22 22:32:00 Trading BTCUSD-T with FractalRADI
2024-01-22 22:32:00 Trading BTCUSD-T with ADIMACD
2024-01-22 22:32:00 Trading ETHUSD-T with FingerTrap
2024-01-22 22:32:00 Trading ETHUSD-T with FractalRADI
2024-01-22 22:32:00 Trading ETHUSD-T with ADIMACD
2024-01-22 22:32:00 Trading SOLUSD-T with FingerTrap
2024-01-22 22:32:00 Trading SOLUSD-T with ADIMACD
2024-01-22 22:32:00 Trading SOLUSD-T with FractalRADI
