2024-01-22 23:32:12 Unable to sign in to MetaTrder 5 Terminal
2024-01-22 23:34:12 Unable to sign in to MetaTrder 5 Terminal
2024-01-22 23:36:10 Unable to sign in to MetaTrder 5 Terminal
2024-01-22 23:37:12 Unable to sign in to MetaTrder 5 Terminal
2024-01-22 23:38:35 Unable to sign in to MetaTrder 5 Terminal
2024-01-22 23:42:47 Unable to sign in to MetaTrder 5 Terminal
2024-01-23 00:02:06 Unable to sign in to MetaTrder 5 Terminal
2024-01-23 00:02:33 Unable to sign in to MetaTrder 5 Terminal
2024-01-23 00:03:16 Unable to sign in to MetaTrder 5 Terminal
2024-01-23 00:04:35 Login Successful
2024-01-23 00:04:35 Trading Volatility 25 Index with FingerTrap
2024-01-23 00:04:35 Trading Volatility 25 Index with FractalRADI
2024-01-23 00:04:35 Trading Volatility 25 Index with ADIMACD
2024-01-23 00:04:35 Trading Volatility 50 Index with FingerTrap
2024-01-23 00:04:35 Trading Volatility 50 Index with FractalRADI
2024-01-23 00:04:35 Trading Volatility 50 Index with ADIMACD
2024-01-23 00:04:35 Trading Volatility 10 Index with FractalRADI
2024-01-23 00:04:35 Trading Volatility 10 Index with FingerTrap
2024-01-23 00:04:35 Trading Volatility 10 Index with ADIMACD
2024-01-23 00:04:35 Trading Volatility 75 Index with FingerTrap
2024-01-23 00:04:35 Trading Volatility 75 Index with FractalRADI
2024-01-23 00:04:35 Trading Volatility 75 Index with ADIMACD
2024-01-23 00:04:35 Trading Volatility 100 Index with FingerTrap
2024-01-23 00:04:35 Trading Volatility 100 Index with FractalRADI
2024-01-23 00:04:35 Trading Volatility 100 Index with ADIMACD
2024-01-23 00:04:35 Trading Volatility 10 (1s) Index with FingerTrap
2024-01-23 00:04:35 Trading Volatility 10 (1s) Index with FractalRADI
2024-01-23 00:04:35 Trading Volatility 10 (1s) Index with ADIMACD
2024-01-23 00:04:35 Trading Volatility 25 (1s) Index with FingerTrap
2024-01-23 00:04:35 Trading Volatility 25 (1s) Index with FractalRADI
2024-01-23 00:04:35 Trading Volatility 25 (1s) Index with ADIMACD
2024-01-23 00:04:35 Trading Volatility 50 (1s) Index with FingerTrap
2024-01-23 00:04:35 Trading Volatility 50 (1s) Index with FractalRADI
2024-01-23 00:04:35 Trading Volatility 50 (1s) Index with ADIMACD
2024-01-23 00:04:35 Trading Volatility 75 (1s) Index with FingerTrap
2024-01-23 00:04:35 Trading Volatility 75 (1s) Index with ADIMACD
2024-01-23 00:04:35 Trading Volatility 75 (1s) Index with FractalRADI
